Build started 12/4/2016 11:55:41 AM.
Project "\\VBOXSVR\ShareVM\JOB154630\Supplements\Line1\Line1.vcxproj" on node 2 (Build target(s)).
ClCompile:
  C:\Program Files\Microsoft Visual Studio 11.0\VC\bin\CL.exe /c /AI"C:\Program Files\Reference Assemblies\Microsoft\Framework\.NETFramework\v4.0" /AI"C:\Program Files\Windows Kits\8.0\References\CommonConfiguration\Neutral" /Zi /clr:oldSyntax /nologo /W3 /WX- /Od /Oy- /D WIN32 /D _DEBUG /D _MBCS /Gm- /EHa /MDd /GS /fp:precise /Zc:wchar_t /Zc:forScope /Yc"stdafx.h" /Fp"Debug\Line1.pch" /Fo"Debug\\" /Fd"Debug\vc110.pdb" /TP /FU"C:\Program Files\Reference Assemblies\Microsoft\Framework\.NETFramework\v4.0\mscorlib.dll" /FU"C:\Program Files\Reference Assemblies\Microsoft\Framework\.NETFramework\v4.0\System.Data.dll" /FU"C:\Program Files\Reference Assemblies\Microsoft\Framework\.NETFramework\v4.0\System.dll" /analyze- /errorReport:prompt /clr:nostdlib stdafx.cpp
cl : Command line warning D9035: option 'clr:oldsyntax' has been deprecated and will be removed in a future release
  stdafx.cpp
  C:\Program Files\Microsoft Visual Studio 11.0\VC\bin\CL.exe /c /AI"C:\Program Files\Reference Assemblies\Microsoft\Framework\.NETFramework\v4.0" /AI"C:\Program Files\Windows Kits\8.0\References\CommonConfiguration\Neutral" /Zi /clr:oldSyntax /nologo /W3 /WX- /Od /Oy- /D WIN32 /D _DEBUG /D _MBCS /Gm- /EHa /MDd /GS /fp:precise /Zc:wchar_t /Zc:forScope /Yu"stdafx.h" /Fp"Debug\Line1.pch" /Fo"Debug\\" /Fd"Debug\vc110.pdb" /TP /FU"C:\Program Files\Reference Assemblies\Microsoft\Framework\.NETFramework\v4.0\mscorlib.dll" /FU"C:\Program Files\Reference Assemblies\Microsoft\Framework\.NETFramework\v4.0\System.Data.dll" /FU"C:\Program Files\Reference Assemblies\Microsoft\Framework\.NETFramework\v4.0\System.dll" /analyze- /errorReport:prompt /clr:nostdlib AssemblyInfo.cpp Line1.cpp LineTest.cpp Point.cpp
cl : Command line warning D9035: option 'clr:oldsyntax' has been deprecated and will be removed in a future release
  AssemblyInfo.cpp
  Line1.cpp
  LineTest.cpp
  Point.cpp
  Generating Code...
ResourceCompile:
  C:\Program Files\Windows Kits\8.0\bin\x86\rc.exe /l"0x0409" /nologo /fo"Debug\app.res" app.rc 
Link:
  C:\Program Files\Microsoft Visual Studio 11.0\VC\bin\link.exe /ERRORREPORT:PROMPT /OUT:"\\VBOXSVR\ShareVM\JOB154630\Supplements\Line1\Debug\Line1.exe" /INCREMENTAL /NOLOGO kernel32.lib user32.lib gdi32.lib winspool.lib comdlg32.lib advapi32.lib shell32.lib ole32.lib oleaut32.lib uuid.lib odbc32.lib odbccp32.lib /MANIFEST /MANIFESTUAC:"level='asInvoker' uiAccess='false'" /manifest:embed /DEBUG /PDB:"\\VBOXSVR\ShareVM\JOB154630\Supplements\Line1\Debug\Line1.pdb" /ASSEMBLYDEBUG /TLBID:1 /DYNAMICBASE /FIXED:NO /NXCOMPAT /MACHINE:X86 /SAFESEH Debug\app.res
  Debug\AssemblyInfo.obj
  Debug\Line1.obj
  Debug\LineTest.obj
  Debug\Point.obj
  Debug\stdafx.obj
  Line1.vcxproj -> \\VBOXSVR\ShareVM\JOB154630\Supplements\Line1\Debug\Line1.exe
Done Building Project "\\VBOXSVR\ShareVM\JOB154630\Supplements\Line1\Line1.vcxproj" (Build target(s)).

Build succeeded.

Time Elapsed 00:05:32.21
